2018-Nov-20 14:13:21 Наличие необходимых модулей php (check_php_modules): Ok
Все необходимые модули установлены
2018-Nov-20 14:13:21 Обязательные параметры PHP (check_php_settings): Fail
Ошибка! Параметр opcache.revalidate_freq = 2, требуется offЗначение max_input_vars должно быть не ниже 10000. Текущее значение: 1000
2018-Nov-20 14:13:22 Модули веб-сервера (check_security): Ok
Конфликтов не выявлено
2018-Nov-20 14:13:22 Значения переменных сервера (check_server_vars): Ok
Корректные
2018-Nov-20 14:13:22 Сохранение сессии (check_session): Ok
50% done
2018-Nov-20 14:13:22 Сохранение сессии (check_session): Ok
Успешно
2018-Nov-20 14:13:23 Параметры настройки UTF (mbstring и константа BX_UTF) (check_mbstring): Fail
Ошибка! Сайт работает в UTF кодировке, настройки mbstring:mbstring.func_overload=0mbstring.internal_encoding=требуется:mbstring.func_overload=2mbstring.internal_encoding=utf-8
2018-Nov-20 14:13:23 Служебные скрипты в корне сайта (check_install_scripts): Ok
Отсутствуют
2018-Nov-20 14:13:24 Работа с сокетами (check_socket): Ok
Connection to dev2489.golden-sites.ru:80	Success

Успешно
2018-Nov-20 14:13:24 Выполнение агентов на cron (check_bx_crontab): Fail
Ошибка! Не настроен запуск cron_events.php на cron, последний агент отработал больше суток назад.
2018-Nov-20 14:13:24 Параметры подключения к базе данных (check_dbconn_settings): Ok
Успешно
2018-Nov-20 14:13:25 Лишний вывод в файлах конфигурации (check_dbconn): Ok
Connection to dev2489.golden-sites.ru:80	Success

Успешно
2018-Nov-20 14:13:25 Сохранение сессии без UserAgent (check_session_ua): Ok
50% done
Connection to dev2489.golden-sites.ru:80	Success

2018-Nov-20 14:13:25 Сохранение сессии без UserAgent (check_session_ua): Ok
Connection to dev2489.golden-sites.ru:80	Success

Успешно
2018-Nov-20 14:13:26 Настройки сайтов (check_sites): Ok
Правильные
2018-Nov-20 14:13:26 Передача объектов по ссылке (check_clone): Ok
Успешно
2018-Nov-20 14:13:27 Размер стека и pcre.recursion_limit (check_pcre_recursion): Ok
Connection to dev2489.golden-sites.ru:80	Success

Успешно
2018-Nov-20 14:13:27 Загрузка файла (check_upload): Ok
Connection to dev2489.golden-sites.ru:80	Success

Успешно
2018-Nov-20 14:13:27 Загрузка файла больше 4Мб (check_upload_big): Ok
Connection to dev2489.golden-sites.ru:80	Success

Успешно
2018-Nov-20 14:13:28 Загрузка файла через php://input (check_upload_raw): Ok
Connection to dev2489.golden-sites.ru:80	Success

Успешно
2018-Nov-20 14:13:28 Передача POST запроса с большим числом параметров (check_post): Ok
Connection to dev2489.golden-sites.ru:80	Success

Успешно
2018-Nov-20 14:13:29 Отправка почты (check_mail): Ok
Успешно
2018-Nov-20 14:13:29 Отправка почтового сообщения больше 64Кб (check_mail_big): Ok
Успешно
2018-Nov-20 14:13:29 Проверка на наличие неотправленных сообщений (check_mail_b_event): Ok
Успешно
2018-Nov-20 14:13:30 Внутреннее перенаправление (функция LocalRedirect) (check_localredirect): Ok
50% done
Connection to dev2489.golden-sites.ru:80	Success

2018-Nov-20 14:13:30 Внутреннее перенаправление (функция LocalRedirect) (check_localredirect): Ok
Connection to dev2489.golden-sites.ru:80	Success

Успешно
2018-Nov-20 14:13:30 Фактическое ограничение памяти (check_memory_limit): Ok
20% done
Connection to dev2489.golden-sites.ru:80	Success

2018-Nov-20 14:13:31 Фактическое ограничение памяти (check_memory_limit): Ok
40% done
Connection to dev2489.golden-sites.ru:80	Success

2018-Nov-20 14:13:31 Фактическое ограничение памяти (check_memory_limit): Ok
60% done
Connection to dev2489.golden-sites.ru:80	Success

2018-Nov-20 14:13:32 Фактическое ограничение памяти (check_memory_limit): Ok
80% done
Connection to dev2489.golden-sites.ru:80	Success

2018-Nov-20 14:13:32 Фактическое ограничение памяти (check_memory_limit): Warning
Connection to dev2489.golden-sites.ru:80	Success

Замечание. Не менее 256 М Значение memory_limit было увеличено с 128M до 512M на момент тестирования через ini_set.
2018-Nov-20 14:13:33 Работа с файлами кеша (check_cache): Ok
Успешно
2018-Nov-20 14:13:33 Доступ к серверу обновлений (check_update): Ok
Успешно
2018-Nov-20 14:13:34 HTTP авторизация (check_http_auth): Ok
Connection to dev2489.golden-sites.ru:80	Success

Успешно
2018-Nov-20 14:13:34 Создание и запуск файла (check_exec): Ok
Connection to dev2489.golden-sites.ru:80	Success

Успешно
2018-Nov-20 14:13:34 Функция getimagesize для swf (check_getimagesize): Warning
Замечание. Вставка swf роликов может не работать
2018-Nov-20 14:13:35 Версия MySQL-сервера (check_mysql_bug_version): Ok
Успешно
2018-Nov-20 14:13:36 Время на БД и веб-сервере (check_mysql_time): Ok
Успешно
2018-Nov-20 14:13:36 Режим работы MySQL (check_mysql_mode): Ok
Успешно
2018-Nov-20 14:13:36 Кодировка соединения (check_mysql_connection_charset): Ok
character_set_connection=utf8, collation_connection=utf8_unicode_ci, character_set_results=utf8
Успешно
2018-Nov-20 14:13:36 Кодировка базы данных (check_mysql_db_charset): Fail
CHARSET=utf8, COLLATION=utf8_general_ci
Ошибка! Сравнение для базы (utf8_general_ci) отличается от сравнения для соединения (utf8_unicode_ci). Исправить
2018-Nov-20 14:13:37 Кодировки таблиц в БД (check_mysql_table_charset): Warning
Замечание. Не проверено из-за ошибки кодировки базы
2018-Nov-20 14:13:37 Структура базы данных (check_mysql_table_structure): Ok
0% done
2018-Nov-20 14:13:38 Структура базы данных (check_mysql_table_structure): Ok
2% done
2018-Nov-20 14:13:38 Структура базы данных (check_mysql_table_structure): Ok
5% done
2018-Nov-20 14:13:38 Структура базы данных (check_mysql_table_structure): Ok
8% done
2018-Nov-20 14:13:38 Структура базы данных (check_mysql_table_structure): Ok
11% done
2018-Nov-20 14:13:39 Структура базы данных (check_mysql_table_structure): Ok
14% done
2018-Nov-20 14:13:39 Структура базы данных (check_mysql_table_structure): Ok
17% done
2018-Nov-20 14:13:40 Структура базы данных (check_mysql_table_structure): Ok
20% done
2018-Nov-20 14:13:41 Структура базы данных (check_mysql_table_structure): Ok
23% done
2018-Nov-20 14:13:42 Структура базы данных (check_mysql_table_structure): Ok
26% done
2018-Nov-20 14:13:43 Структура базы данных (check_mysql_table_structure): Ok
29% done
2018-Nov-20 14:13:43 Структура базы данных (check_mysql_table_structure): Ok
32% done
2018-Nov-20 14:13:44 Структура базы данных (check_mysql_table_structure): Ok
35% done
2018-Nov-20 14:13:45 Структура базы данных (check_mysql_table_structure): Ok
38% done
2018-Nov-20 14:13:48 Структура базы данных (check_mysql_table_structure): Ok
41% done
2018-Nov-20 14:13:48 Структура базы данных (check_mysql_table_structure): Ok
44% done
2018-Nov-20 14:13:49 Структура базы данных (check_mysql_table_structure): Ok
47% done
2018-Nov-20 14:13:50 Структура базы данных (check_mysql_table_structure): Ok
50% done
2018-Nov-20 14:13:50 Структура базы данных (check_mysql_table_structure): Ok
52% done
2018-Nov-20 14:13:51 Структура базы данных (check_mysql_table_structure): Ok
55% done
2018-Nov-20 14:13:51 Структура базы данных (check_mysql_table_structure): Ok
58% done
2018-Nov-20 14:13:51 Структура базы данных (check_mysql_table_structure): Ok
61% done
2018-Nov-20 14:13:53 Структура базы данных (check_mysql_table_structure): Ok
64% done
2018-Nov-20 14:13:54 Структура базы данных (check_mysql_table_structure): Ok
67% done
2018-Nov-20 14:13:55 Структура базы данных (check_mysql_table_structure): Ok
70% done
2018-Nov-20 14:13:56 Структура базы данных (check_mysql_table_structure): Ok
73% done
2018-Nov-20 14:13:56 Структура базы данных (check_mysql_table_structure): Ok
76% done
2018-Nov-20 14:13:57 Структура базы данных (check_mysql_table_structure): Ok
79% done
2018-Nov-20 14:13:57 Структура базы данных (check_mysql_table_structure): Ok
82% done
2018-Nov-20 14:13:57 Структура базы данных (check_mysql_table_structure): Ok
85% done
2018-Nov-20 14:13:58 Структура базы данных (check_mysql_table_structure): Ok
88% done
2018-Nov-20 14:13:58 Структура базы данных (check_mysql_table_structure): Ok
91% done
2018-Nov-20 14:13:59 Структура базы данных (check_mysql_table_structure): Ok
94% done
2018-Nov-20 14:13:59 Структура базы данных (check_mysql_table_structure): Ok
97% done
2018-Nov-20 14:14:00 Структура базы данных (check_mysql_table_structure): Ok
Успешно
